<?xml version="1.0" encoding="UTF-8"?>
<testsuite xmlns:xsi="http://www.w3.org/2001/XMLSchema-instance" xsi:noNamespaceSchemaLocation="https://maven.apache.org/surefire/maven-surefire-plugin/xsd/surefire-test-report-3.0.xsd" version="3.0" name="bstalgorithms.BSTTreesUnitTest" time="0.113" tests="18" errors="0" skipped="0" failures="0">
  <properties>
[...]
</properties>
  <testcase name="testBigDataInsertion" classname="bstalgorithms.BSTTreesUnitTest" time="0.04">
    <system-out><![CDATA[testBigDataInsertion
Total Keys: 10000

AVL Tree : 
Insertion Time: 11.287913 ms
Height: 14

Red-Black Tree :
Insertion Time: 4.559621 ms
Height: 21
--------------------------------------------------

]]></system-out>
  </testcase>
  <testcase name="testRandomizedInsertionOrder" classname="bstalgorithms.BSTTreesUnitTest" time="0.001">
    <system-out><![CDATA[testRandomizedInsertionOrder
Total Keys: 100

AVL Tree : 
Insertion Time: 0.159339 ms
Height: 7

Red-Black Tree :
Insertion Time: 0.07115 ms
Height: 7
--------------------------------------------------

]]></system-out>
  </testcase>
  <testcase name="testInsertDescendingKeys" classname="bstalgorithms.BSTTreesUnitTest" time="0.0">
    <system-out><![CDATA[testInsertDescendingKeys
Total Keys: 9

AVL Tree : 
Insertion Time: 0.005516 ms
Height: 3

Red-Black Tree :
Insertion Time: 0.004253 ms
Height: 3
--------------------------------------------------

]]></system-out>
  </testcase>
  <testcase name="testSearchExistingKeys" classname="bstalgorithms.BSTTreesUnitTest" time="0.0">
    <system-out><![CDATA[testSearchExistingKeys
Total Keys Searched: 7

AVL Tree : 
Search Time: 0.003009 ms
Height: 2

Red-Black Tree :
Search Time: 0.002425 ms
Height: 3
--------------------------------------------------

]]></system-out>
  </testcase>
  <testcase name="testDeleteAllElementsReverse" classname="bstalgorithms.BSTTreesUnitTest" time="0.001">
    <system-out><![CDATA[testDeleteAllElementsReverse
Total Keys Deleted: 7

AVL Tree : 
Deletion Time: 0.012151 ms
Height: -1

Red-Black Tree :
Deletion Time: 0.010777 ms
Height: -1
--------------------------------------------------

]]></system-out>
  </testcase>
  <testcase name="testDeleteFromEmptyTree" classname="bstalgorithms.BSTTreesUnitTest" time="0.002">
    <system-out><![CDATA[testDeleteFromEmptyTree
Total Keys Deleted: 5

AVL Tree : 
Deletion Time: 0.003178 ms
Height: -1

Red-Black Tree :
Deletion Time: 0.002735 ms
Height: -1
--------------------------------------------------

]]></system-out>
  </testcase>
  <testcase name="testInsertDuplicateStrings" classname="bstalgorithms.BSTTreesUnitTest" time="0.001">
    <system-out><![CDATA[testInsertDuplicateStrings
Total Keys: 15

AVL Tree : 
Insertion Time: 0.00441 ms
Height: 0

Red-Black Tree :
Insertion Time: 0.003765 ms
Height: 0
--------------------------------------------------

]]></system-out>
  </testcase>
  <testcase name="testLongStringKeys" classname="bstalgorithms.BSTTreesUnitTest" time="0.002">
    <system-out><![CDATA[testLongStringKeys
Total Keys: 5

AVL Tree : 
Insertion Time: 0.004901 ms
Height: 2

Red-Black Tree :
Insertion Time: 0.003645 ms
Height: 2
--------------------------------------------------

]]></system-out>
  </testcase>
  <testcase name="testInsertAscendingKeys" classname="bstalgorithms.BSTTreesUnitTest" time="0.003">
    <system-out><![CDATA[testInsertAscendingKeys
Total Keys: 9

AVL Tree : 
Insertion Time: 0.007502 ms
Height: 3

Red-Black Tree :
Insertion Time: 0.005057 ms
Height: 3
--------------------------------------------------

]]></system-out>
  </testcase>
  <testcase name="testSearchOnEmptyTree" classname="bstalgorithms.BSTTreesUnitTest" time="0.001">
    <system-out><![CDATA[testSearchOnEmptyTree
Total Keys Searched for: 5

AVL Tree : 
Searching Time : 0.004049ms
Height: -1

Red-Black Tree :
Searching Time : 0.00203ms
Height: -1
--------------------------------------------------

]]></system-out>
  </testcase>
  <testcase name="testRepeatedInsertionsAndDeletions" classname="bstalgorithms.BSTTreesUnitTest" time="0.005">
    <system-out><![CDATA[testRepeatedInsertionsAndDeletions
Total Keys: 5, Repetitions: 10

AVL Tree : 
Operation Time: 0.035281 ms
Height: -1

Red-Black Tree :
Operation Time: 0.02278 ms
Height: -1
--------------------------------------------------

]]></system-out>
  </testcase>
  <testcase name="testDeleteNonExistentElements" classname="bstalgorithms.BSTTreesUnitTest" time="0.001">
    <system-out><![CDATA[testDeleteNonExistentElements
Total Non-Existent Keys Deleted: 8

AVL Tree : 
Deletion Time: 0.005858 ms
Height: 3

Red-Black Tree :
Deletion Time: 0.00345 ms
Height: 4
--------------------------------------------------

]]></system-out>
  </testcase>
  <testcase name="testMixedInsertAndDelete" classname="bstalgorithms.BSTTreesUnitTest" time="0.004">
    <system-out><![CDATA[testMixedInsertAndDelete
Total Keys: 7, Keys Deleted: 3

AVL Tree : 
Deletion Time: 0.009494 ms
Height: 2

Red-Black Tree :
Deletion Time: 0.009743 ms
Height: 2
--------------------------------------------------

]]></system-out>
  </testcase>
  <testcase name="testInsertAlternatingKeys" classname="bstalgorithms.BSTTreesUnitTest" time="0.001">
    <system-out><![CDATA[testInsertAlternatingKeys
Total Keys: 9

AVL Tree : 
Insertion Time: 0.006268 ms
Height: 3

Red-Black Tree :
Insertion Time: 0.035232 ms
Height: 3
--------------------------------------------------

]]></system-out>
  </testcase>
  <testcase name="testDoubleKeys" classname="bstalgorithms.BSTTreesUnitTest" time="0.003">
    <system-out><![CDATA[testDoubleKeys
Total Keys: 9

AVL Tree : 
Insertion Time: 0.012125 ms
Height: 3

Red-Black Tree :
Insertion Time: 0.009525 ms
Height: 3
--------------------------------------------------

]]></system-out>
  </testcase>
  <testcase name="testDeleteAllElementsSequentially" classname="bstalgorithms.BSTTreesUnitTest" time="0.0">
    <system-out><![CDATA[testDeleteAllElementsSequentially
Total Keys Deleted: 7

AVL Tree : 
Deletion Time: 0.008424 ms
Height: -1

Red-Black Tree :
Deletion Time: 0.005362 ms
Height: -1
--------------------------------------------------

]]></system-out>
  </testcase>
  <testcase name="testInsertDeleteSearch" classname="bstalgorithms.BSTTreesUnitTest" time="0.006">
    <system-out><![CDATA[testInsertDeleteSearch
Total Keys: 7, Deleted: 2, Searched: 7

AVL Tree : 
Insertion Time: 0.004642 ms
Deletion Time: 0.006472 ms
Search Time: 0.002817 ms
Height: 2

Red-Black Tree :
Insertion Time: 0.003665 ms
Deletion Time: 0.004751 ms
Search Time: 0.002578 ms
Height: 3
--------------------------------------------------

]]></system-out>
  </testcase>
  <testcase name="testVeryLargeDataSet" classname="bstalgorithms.BSTTreesUnitTest" time="0.01">
    <system-out><![CDATA[testVeryLargeDataSet
Total Keys: 1000

AVL Tree : 
Insertion Time: 1.907872 ms
Height: 9

Red-Black Tree :
Insertion Time: 0.260344 ms
Height: 16
--------------------------------------------------

]]></system-out>
  </testcase>
</testsuite>